*** Using Compiler 'V6.21', folder: 'D:\Keil_v5\ARM\ARMCLANG\Bin'
Build target 'tem'
compiling stm32h7xx_hal_flash.c...
compiling tim.c...
assembling startup_stm32h743xx.s...
compiling gpio.c...
compiling usart.c...
compiling main.c...
compiling i2c.c...
compiling stm32h7xx_hal_gpio.c...
compiling stm32h7xx_hal_rcc.c...
compiling stm32h7xx_hal_msp.c...
compiling stm32h7xx_hal_hsem.c...
compiling stm32h7xx_it.c...
compiling stm32h7xx_hal_cortex.c...
compiling stm32h7xx_hal_flash_ex.c...
compiling stm32h7xx_hal_rcc_ex.c...
compiling stm32h7xx_hal_dma_ex.c...
compiling stm32h7xx_hal_pwr.c...
compiling stm32h7xx_hal_mdma.c...
compiling stm32h7xx_hal_pwr_ex.c...
compiling stm32h7xx_hal.c...
compiling stm32h7xx_hal_dma.c...
compiling stm32h7xx_hal_i2c_ex.c...
compiling stm32h7xx_hal_uart_ex.c...
compiling stm32h7xx_hal_exti.c...
compiling system_stm32h7xx.c...
compiling atk_ms601m.c...
compiling stm32h7xx_hal_i2c.c...
compiling stm32h7xx_hal_tim_ex.c...
compiling atk_ms601m_uart.c...
compiling Hall_Encoder.c...
compiling tb6612fng.c...
compiling Mem.c...
compiling GanWei_i2c.c...
compiling stm32h7xx_hal_uart.c...
compiling stm32h7xx_hal_tim.c...
compiling mode.c...
compiling visual.c...
compiling oled.c...
compiling led.c...
compiling kinematics.c...
compiling tracking_delay.c...
compiling tracking.c...
compiling Initialize.c...
compiling SensorProc.c...
compiling Rotation.c...
linking...
Program Size: Code=52944 RO-data=3188 RW-data=52 ZI-data=31804  
FromELF: creating hex file...
"tem\tem.axf" - 0 Error(s), 0 Warning(s).
Build Time Elapsed:  00:00:04
